2025-07-05 11:51:25,711 - bot.logs.logging_config - INFO - Бот запущен!
2025-07-05 11:51:25,711 - aiogram.dispatcher - INFO - Start polling
2025-07-05 11:51:25,970 - aiogram.dispatcher - INFO - Run polling for bot @SinnAlertBot id=7996093751 - 'Напоминания'
2025-07-05 11:51:37,273 - bot.logs.logging_config - INFO - Пользователь 1073334471 запустил бота
2025-07-05 11:51:37,528 - aiogram.event - INFO - Update id=521292519 is handled. Duration 250 ms by bot id=7996093751
2025-07-05 11:51:39,136 - bot.logs.logging_config - INFO - Пользователь 1073334471 запросил помощь
2025-07-05 11:51:39,244 - aiogram.event - INFO - Update id=521292520 is handled. Duration 108 ms by bot id=7996093751
2025-07-05 11:51:47,896 - bot.logs.logging_config - INFO - Пользователь 1073334471 запустил бота
2025-07-05 11:51:48,008 - aiogram.event - INFO - Update id=521292521 is handled. Duration 110 ms by bot id=7996093751
2025-07-05 11:52:22,111 - bot.logs.logging_config - INFO - Пользователь 1073334471 написал: Fnfnnfnf
2025-07-05 11:52:22,206 - aiogram.event - INFO - Update id=521292522 is handled. Duration 94 ms by bot id=7996093751
2025-07-05 11:52:26,843 - bot.logs.logging_config - INFO - Пользователь 1073334471 написал: None
2025-07-05 11:52:26,938 - aiogram.event - INFO - Update id=521292523 is handled. Duration 94 ms by bot id=7996093751
2025-07-05 11:56:04,090 - aiogram.dispatcher - INFO - Polling stopped
2025-07-05 11:56:04,090 - aiogram.dispatcher - ERROR - Failed to fetch updates - TelegramNetworkError: HTTP Client says - ServerDisconnectedError: Server disconnected
2025-07-05 11:56:04,090 - aiogram.dispatcher - WARNING - Sleep for 1.000000 seconds and try again... (tryings = 0, bot id = 7996093751)
2025-07-05 11:56:04,349 - aiogram.dispatcher - INFO - Polling stopped for bot @SinnAlertBot id=7996093751 - 'Напоминания'
2025-07-05 12:06:40,283 - bot.logs.logging_config - INFO - Бот запущен!
2025-07-05 12:06:40,283 - apscheduler.scheduler - INFO - Scheduler started
2025-07-05 12:06:40,283 - aiogram.dispatcher - INFO - Start polling
2025-07-05 12:06:40,519 - aiogram.dispatcher - INFO - Run polling for bot @SinnAlertBot id=7996093751 - 'Напоминания'
2025-07-05 12:06:43,624 - aiogram.event - INFO - Update id=521292524 is not handled. Duration 0 ms by bot id=7996093751
2025-07-05 12:06:47,487 - aiogram.event - INFO - Update id=521292525 is not handled. Duration 0 ms by bot id=7996093751
2025-07-05 12:06:50,464 - aiogram.event - INFO - Update id=521292526 is not handled. Duration 0 ms by bot id=7996093751
2025-07-05 12:06:54,032 - aiogram.event - INFO - Update id=521292527 is not handled. Duration 0 ms by bot id=7996093751
2025-07-05 12:15:47,102 - aiogram.dispatcher - INFO - Polling stopped
2025-07-05 12:15:47,102 - aiogram.dispatcher - ERROR - Failed to fetch updates - TelegramNetworkError: HTTP Client says - ServerDisconnectedError: Server disconnected
2025-07-05 12:15:47,102 - aiogram.dispatcher - WARNING - Sleep for 1.000000 seconds and try again... (tryings = 0, bot id = 7996093751)
2025-07-05 12:15:47,357 - aiogram.dispatcher - INFO - Polling stopped for bot @SinnAlertBot id=7996093751 - 'Напоминания'
2025-07-05 12:16:36,760 - bot.logs.logging_config - INFO - Бот запущен!
2025-07-05 12:16:36,761 - apscheduler.scheduler - INFO - Scheduler started
2025-07-05 12:16:36,761 - aiogram.dispatcher - INFO - Start polling
2025-07-05 12:16:36,982 - aiogram.dispatcher - INFO - Run polling for bot @SinnAlertBot id=7996093751 - 'Напоминания'
2025-07-05 12:16:47,731 - bot.logs.logging_config - INFO - Пользователь 1073334471 запустил бота
2025-07-05 12:16:47,968 - aiogram.event - INFO - Update id=521292528 is handled. Duration 250 ms by bot id=7996093751
2025-07-05 12:16:50,282 - bot.logs.logging_config - INFO - Пользователь 1073334471 запустил бота
2025-07-05 12:16:50,482 - aiogram.event - INFO - Update id=521292529 is handled. Duration 186 ms by bot id=7996093751
2025-07-05 12:16:51,971 - bot.logs.logging_config - INFO - Пользователь 1073334471 запросил помощь
2025-07-05 12:16:52,060 - aiogram.event - INFO - Update id=521292530 is handled. Duration 78 ms by bot id=7996093751
2025-07-05 12:17:29,225 - bot.logs.logging_config - INFO - Пользователь 1073334471 написал: /setttime 11:18
2025-07-05 12:17:29,320 - aiogram.event - INFO - Update id=521292531 is handled. Duration 94 ms by bot id=7996093751
2025-07-05 12:17:54,358 - aiogram.dispatcher - INFO - Polling stopped
2025-07-05 12:17:54,358 - aiogram.dispatcher - ERROR - Failed to fetch updates - TelegramNetworkError: HTTP Client says - ServerDisconnectedError: Server disconnected
2025-07-05 12:17:54,358 - aiogram.dispatcher - WARNING - Sleep for 1.000000 seconds and try again... (tryings = 0, bot id = 7996093751)
2025-07-05 12:17:54,617 - aiogram.dispatcher - INFO - Polling stopped for bot @SinnAlertBot id=7996093751 - 'Напоминания'
2025-07-05 12:17:59,251 - bot.logs.logging_config - INFO - Бот запущен!
2025-07-05 12:17:59,251 - apscheduler.scheduler - INFO - Scheduler started
2025-07-05 12:17:59,253 - aiogram.dispatcher - INFO - Start polling
2025-07-05 12:17:59,474 - aiogram.dispatcher - INFO - Run polling for bot @SinnAlertBot id=7996093751 - 'Напоминания'
2025-07-05 12:18:03,541 - bot.logs.logging_config - INFO - Пользователь 1073334471 написал: /setttime
2025-07-05 12:18:03,800 - aiogram.event - INFO - Update id=521292532 is handled. Duration 265 ms by bot id=7996093751
2025-07-05 12:18:13,347 - bot.logs.logging_config - INFO - Пользователь 1073334471 написал: /setttime 11:18
2025-07-05 12:18:13,450 - aiogram.event - INFO - Update id=521292533 is handled. Duration 94 ms by bot id=7996093751
2025-07-05 12:19:00,042 - apscheduler.scheduler - INFO - Added job "send_scheduled_message" to job store "default"
2025-07-05 12:19:00,131 - aiogram.event - INFO - Update id=521292534 is handled. Duration 94 ms by bot id=7996093751
2025-07-05 12:20:23,801 - aiogram.dispatcher - INFO - Polling stopped
2025-07-05 12:20:23,801 - aiogram.dispatcher - ERROR - Failed to fetch updates - TelegramNetworkError: HTTP Client says - ServerDisconnectedError: Server disconnected
2025-07-05 12:20:23,801 - aiogram.dispatcher - WARNING - Sleep for 1.000000 seconds and try again... (tryings = 0, bot id = 7996093751)
2025-07-05 12:20:24,052 - aiogram.dispatcher - INFO - Polling stopped for bot @SinnAlertBot id=7996093751 - 'Напоминания'
2025-07-05 12:22:10,022 - bot.logs.logging_config - INFO - Бот запущен!
2025-07-05 12:22:10,022 - apscheduler.scheduler - INFO - Scheduler started
2025-07-05 12:22:10,022 - aiogram.dispatcher - INFO - Start polling
2025-07-05 12:22:10,249 - aiogram.dispatcher - INFO - Run polling for bot @SinnAlertBot id=7996093751 - 'Напоминания'
2025-07-05 12:22:25,034 - apscheduler.scheduler - INFO - Added job "send_scheduled_message" to job store "default"
2025-07-05 12:22:25,295 - aiogram.event - INFO - Update id=521292535 is handled. Duration 266 ms by bot id=7996093751
2025-07-05 12:23:00,019 - apscheduler.executors.default - INFO - Running job "send_scheduled_message (trigger: cron[hour='12', minute='23'], next run at: 2025-07-06 12:23:00 EET)" (scheduled at 2025-07-05 12:23:00+02:00)
2025-07-05 12:23:00,122 - apscheduler.executors.default - INFO - Job "send_scheduled_message (trigger: cron[hour='12', minute='23'], next run at: 2025-07-06 12:23:00 EET)" executed successfully
2025-07-05 12:32:44,143 - aiogram.dispatcher - INFO - Polling stopped
2025-07-05 12:32:44,148 - aiogram.dispatcher - ERROR - Failed to fetch updates - TelegramNetworkError: HTTP Client says - ServerDisconnectedError: Server disconnected
2025-07-05 12:32:44,149 - aiogram.dispatcher - WARNING - Sleep for 1.000000 seconds and try again... (tryings = 0, bot id = 7996093751)
2025-07-05 12:32:44,402 - bot.logs.logging_config - INFO - Бот остановлен
2025-07-05 12:32:44,402 - apscheduler.scheduler - INFO - Scheduler has been shut down
2025-07-05 12:32:44,402 - aiogram.dispatcher - INFO - Polling stopped for bot @SinnAlertBot id=7996093751 - 'Напоминания'
2025-07-05 12:33:11,166 - bot.logs.logging_config - INFO - Бот запущен!
2025-07-05 12:33:11,166 - apscheduler.scheduler - INFO - Scheduler started
2025-07-05 12:33:11,168 - aiogram.dispatcher - INFO - Start polling
2025-07-05 12:33:11,398 - aiogram.dispatcher - INFO - Run polling for bot @SinnAlertBot id=7996093751 - 'Напоминания'
2025-07-05 12:33:26,764 - aiogram.event - INFO - Update id=521292536 is not handled. Duration 0 ms by bot id=7996093751
2025-07-05 12:33:26,764 - aiogram.event - ERROR - Cause exception while process update id=521292536 by bot id=7996093751
TypeError: errors_handler() missing 1 required positional argument: 'exception'
Traceback (most recent call last):
  File "C:\Users\notebook\repos\projectPracticeMine\venv\Lib\site-packages\aiogram\dispatcher\middlewares\error.py", line 25, in __call__
    return await handler(event, data)
           ^^^^^^^^^^^^^^^^^^^^^^^^^^
  File "C:\Users\notebook\repos\projectPracticeMine\venv\Lib\site-packages\aiogram\dispatcher\middlewares\user_context.py", line 56, in __call__
    return await handler(event, data)
           ^^^^^^^^^^^^^^^^^^^^^^^^^^
  File "C:\Program Files\Python311\Lib\contextlib.py", line 222, in __aexit__
    await self.gen.athrow(typ, value, traceback)
  File "C:\Users\notebook\repos\projectPracticeMine\venv\Lib\site-packages\aiogram\fsm\storage\memory.py", line 83, in lock
    yield
  File "C:\Users\notebook\repos\projectPracticeMine\venv\Lib\site-packages\aiogram\fsm\middleware.py", line 42, in __call__
    return await handler(event, data)
           ^^^^^^^^^^^^^^^^^^^^^^^^^^
  File "C:\Users\notebook\repos\projectPracticeMine\venv\Lib\site-packages\aiogram\dispatcher\event\telegram.py", line 121, in trigger
    return await wrapped_inner(event, kwargs)
           ^^^^^^^^^^^^^^^^^^^^^^^^^^^^^^^^^^
  File "C:\Users\notebook\repos\projectPracticeMine\venv\Lib\site-packages\aiogram\dispatcher\event\handler.py", line 43, in call
    return await wrapped()
           ^^^^^^^^^^^^^^^
  File "C:\Users\notebook\repos\projectPracticeMine\venv\Lib\site-packages\aiogram\dispatcher\dispatcher.py", line 276, in _listen_update
    return await self.propagate_event(update_type=update_type, event=event, **kwargs)
           ^^^^^^^^^^^^^^^^^^^^^^^^^^^^^^^^^^^^^^^^^^^^^^^^^^^^^^^^^^^^^^^^^^^^^^^^^^
  File "C:\Users\notebook\repos\projectPracticeMine\venv\Lib\site-packages\aiogram\dispatcher\router.py", line 146, in propagate_event
    return await observer.wrap_outer_middleware(_wrapped, event=event, data=kwargs)
           ^^^^^^^^^^^^^^^^^^^^^^^^^^^^^^^^^^^^^^^^^^^^^^^^^^^^^^^^^^^^^^^^^^^^^^^^
  File "C:\Users\notebook\repos\projectPracticeMine\venv\Lib\site-packages\aiogram\dispatcher\router.py", line 141, in _wrapped
    return await self._propagate_event(
           ^^^^^^^^^^^^^^^^^^^^^^^^^^^^
  File "C:\Users\notebook\repos\projectPracticeMine\venv\Lib\site-packages\aiogram\dispatcher\router.py", line 166, in _propagate_event
    response = await observer.trigger(event, **kwargs)
               ^^^^^^^^^^^^^^^^^^^^^^^^^^^^^^^^^^^^^^^
  File "C:\Users\notebook\repos\projectPracticeMine\venv\Lib\site-packages\aiogram\dispatcher\event\telegram.py", line 121, in trigger
    return await wrapped_inner(event, kwargs)
           ^^^^^^^^^^^^^^^^^^^^^^^^^^^^^^^^^^
  File "C:\Users\notebook\repos\projectPracticeMine\venv\Lib\site-packages\aiogram\dispatcher\event\handler.py", line 43, in call
    return await wrapped()
           ^^^^^^^^^^^^^^^
  File "C:\Users\notebook\repos\projectPracticeMine\bot\handlers\users.py", line 43, in cmd_settime
    args=[message.chat.id, f"reminder_{message.from_user.id}_{datetime.now().timestamp()}"],
                                                              ^^^^^^^^^^^^
AttributeError: module 'datetime' has no attribute 'now'

During handling of the above exception, another exception occurred:

Traceback (most recent call last):
  File "C:\Users\notebook\repos\projectPracticeMine\venv\Lib\site-packages\aiogram\dispatcher\dispatcher.py", line 309, in _process_update
    response = await self.feed_update(bot, update, **kwargs)
               ^^^^^^^^^^^^^^^^^^^^^^^^^^^^^^^^^^^^^^^^^^^^^
  File "C:\Users\notebook\repos\projectPracticeMine\venv\Lib\site-packages\aiogram\dispatcher\dispatcher.py", line 158, in feed_update
    response = await self.update.wrap_outer_middleware(
               ^^^^^^^^^^^^^^^^^^^^^^^^^^^^^^^^^^^^^^^^
  File "C:\Users\notebook\repos\projectPracticeMine\venv\Lib\site-packages\aiogram\dispatcher\middlewares\error.py", line 29, in __call__
    response = await self.router.propagate_event(
               ^^^^^^^^^^^^^^^^^^^^^^^^^^^^^^^^^^
  File "C:\Users\notebook\repos\projectPracticeMine\venv\Lib\site-packages\aiogram\dispatcher\router.py", line 146, in propagate_event
    return await observer.wrap_outer_middleware(_wrapped, event=event, data=kwargs)
           ^^^^^^^^^^^^^^^^^^^^^^^^^^^^^^^^^^^^^^^^^^^^^^^^^^^^^^^^^^^^^^^^^^^^^^^^
  File "C:\Users\notebook\repos\projectPracticeMine\venv\Lib\site-packages\aiogram\dispatcher\router.py", line 141, in _wrapped
    return await self._propagate_event(
           ^^^^^^^^^^^^^^^^^^^^^^^^^^^^
  File "C:\Users\notebook\repos\projectPracticeMine\venv\Lib\site-packages\aiogram\dispatcher\router.py", line 166, in _propagate_event
    response = await observer.trigger(event, **kwargs)
               ^^^^^^^^^^^^^^^^^^^^^^^^^^^^^^^^^^^^^^^
  File "C:\Users\notebook\repos\projectPracticeMine\venv\Lib\site-packages\aiogram\dispatcher\event\telegram.py", line 121, in trigger
    return await wrapped_inner(event, kwargs)
           ^^^^^^^^^^^^^^^^^^^^^^^^^^^^^^^^^^
  File "C:\Users\notebook\repos\projectPracticeMine\venv\Lib\site-packages\aiogram\dispatcher\event\handler.py", line 43, in call
    return await wrapped()
                 ^^^^^^^^^
TypeError: errors_handler() missing 1 required positional argument: 'exception'
2025-07-05 12:35:24,937 - aiogram.dispatcher - INFO - Polling stopped
2025-07-05 12:35:24,937 - aiogram.dispatcher - ERROR - Failed to fetch updates - TelegramNetworkError: HTTP Client says - ServerDisconnectedError: Server disconnected
2025-07-05 12:35:24,937 - aiogram.dispatcher - WARNING - Sleep for 1.000000 seconds and try again... (tryings = 0, bot id = 7996093751)
2025-07-05 12:35:25,191 - bot.logs.logging_config - INFO - Бот остановлен
2025-07-05 12:35:25,192 - apscheduler.scheduler - INFO - Scheduler has been shut down
2025-07-05 12:35:25,192 - aiogram.dispatcher - INFO - Polling stopped for bot @SinnAlertBot id=7996093751 - 'Напоминания'
2025-07-05 12:35:30,226 - bot.logs.logging_config - INFO - Бот запущен!
2025-07-05 12:35:30,226 - apscheduler.scheduler - INFO - Scheduler started
2025-07-05 12:35:30,226 - aiogram.dispatcher - INFO - Start polling
2025-07-05 12:35:30,466 - aiogram.dispatcher - INFO - Run polling for bot @SinnAlertBot id=7996093751 - 'Напоминания'
2025-07-05 12:35:45,218 - apscheduler.scheduler - INFO - Added job "send_scheduled_message" to job store "default"
2025-07-05 12:35:45,479 - aiogram.event - INFO - Update id=521292537 is handled. Duration 265 ms by bot id=7996093751
2025-07-05 12:35:47,020 - aiogram.event - INFO - Update id=521292538 is handled. Duration 125 ms by bot id=7996093751
2025-07-05 12:35:52,952 - apscheduler.scheduler - INFO - Added job "send_scheduled_message" to job store "default"
2025-07-05 12:35:53,093 - aiogram.event - INFO - Update id=521292539 is handled. Duration 140 ms by bot id=7996093751
2025-07-05 12:36:00,017 - apscheduler.executors.default - INFO - Running job "send_scheduled_message (trigger: cron[hour='12', minute='36'], next run at: 2025-07-06 12:36:00 EET)" (scheduled at 2025-07-05 12:36:00+02:00)
2025-07-05 12:36:00,019 - apscheduler.executors.default - INFO - Running job "send_scheduled_message (trigger: cron[hour='12', minute='36'], next run at: 2025-07-06 12:36:00 EET)" (scheduled at 2025-07-05 12:36:00+02:00)
2025-07-05 12:36:00,110 - bot.logs.logging_config - INFO - Напоминание отправлено в 2025-07-05 12:36:00.110333
2025-07-05 12:36:00,110 - bot.logs.logging_config - INFO - Напоминание reminder_1073334471_1751711745.210447 удалено
2025-07-05 12:36:00,110 - apscheduler.executors.default - INFO - Job "send_scheduled_message (trigger: cron[hour='12', minute='36'], next run at: 2025-07-06 12:36:00 EET)" executed successfully
2025-07-05 12:36:00,275 - bot.logs.logging_config - INFO - Напоминание отправлено в 2025-07-05 12:36:00.275751
2025-07-05 12:36:00,275 - bot.logs.logging_config - INFO - Напоминание reminder_1073334471_1751711752.952725 удалено
2025-07-05 12:36:00,275 - apscheduler.executors.default - INFO - Job "send_scheduled_message (trigger: cron[hour='12', minute='36'], next run at: 2025-07-06 12:36:00 EET)" executed successfully
2025-07-05 12:36:29,871 - apscheduler.scheduler - INFO - Added job "send_scheduled_message" to job store "default"
2025-07-05 12:36:30,026 - aiogram.event - INFO - Update id=521292540 is handled. Duration 155 ms by bot id=7996093751
2025-07-05 12:36:34,613 - apscheduler.scheduler - INFO - Added job "send_scheduled_message" to job store "default"
2025-07-05 12:36:34,713 - aiogram.event - INFO - Update id=521292541 is handled. Duration 94 ms by bot id=7996093751
2025-07-05 12:36:41,529 - apscheduler.scheduler - INFO - Added job "send_scheduled_message" to job store "default"
2025-07-05 12:36:41,624 - aiogram.event - INFO - Update id=521292542 is handled. Duration 110 ms by bot id=7996093751
2025-07-05 12:36:51,169 - aiogram.event - INFO - Update id=521292543 is handled. Duration 94 ms by bot id=7996093751
2025-07-05 12:37:00,005 - apscheduler.executors.default - INFO - Running job "send_scheduled_message (trigger: cron[hour='12', minute='37'], next run at: 2025-07-06 12:37:00 EET)" (scheduled at 2025-07-05 12:37:00+02:00)
2025-07-05 12:37:00,100 - bot.logs.logging_config - INFO - Напоминание отправлено в 2025-07-05 12:37:00.100171
2025-07-05 12:37:00,100 - bot.logs.logging_config - INFO - Напоминание reminder_1073334471_1751711789.871195 удалено
2025-07-05 12:37:00,100 - apscheduler.executors.default - INFO - Job "send_scheduled_message (trigger: cron[hour='12', minute='37'], next run at: 2025-07-06 12:37:00 EET)" executed successfully
2025-07-05 12:37:09,730 - aiogram.event - INFO - Update id=521292544 is handled. Duration 92 ms by bot id=7996093751
2025-07-05 12:37:11,775 - aiogram.event - INFO - Update id=521292545 is handled. Duration 125 ms by bot id=7996093751
2025-07-05 12:37:48,988 - apscheduler.scheduler - INFO - Removed job 4e6eb666f1b74da5baa5682776737374
2025-07-05 12:37:49,088 - aiogram.event - INFO - Update id=521292546 is handled. Duration 94 ms by bot id=7996093751
2025-07-05 12:38:19,782 - aiogram.event - INFO - Update id=521292547 is handled. Duration 172 ms by bot id=7996093751
2025-07-05 12:39:00,005 - apscheduler.executors.default - INFO - Running job "send_scheduled_message (trigger: cron[hour='12', minute='39'], next run at: 2025-07-06 12:39:00 EET)" (scheduled at 2025-07-05 12:39:00+02:00)
2025-07-05 12:39:00,145 - bot.logs.logging_config - INFO - Напоминание отправлено в 2025-07-05 12:39:00.145075
2025-07-05 12:39:00,145 - bot.logs.logging_config - INFO - Напоминание reminder_1073334471_1751711794.613493 удалено
2025-07-05 12:39:00,145 - apscheduler.executors.default - INFO - Job "send_scheduled_message (trigger: cron[hour='12', minute='39'], next run at: 2025-07-06 12:39:00 EET)" executed successfully
2025-07-05 13:18:28,628 - aiogram.dispatcher - ERROR - Failed to fetch updates - TelegramNetworkError: HTTP Client says - Request timeout error
2025-07-05 13:18:28,628 - aiogram.dispatcher - WARNING - Sleep for 1.000000 seconds and try again... (tryings = 0, bot id = 7996093751)
2025-07-05 13:18:39,918 - aiogram.dispatcher - INFO - Connection established (tryings = 1, bot id = 7996093751)
2025-07-05 13:39:22,145 - aiogram.dispatcher - INFO - Polling stopped
2025-07-05 13:39:22,151 - aiogram.dispatcher - ERROR - Failed to fetch updates - TelegramNetworkError: HTTP Client says - ServerDisconnectedError: Server disconnected
2025-07-05 13:39:22,152 - aiogram.dispatcher - WARNING - Sleep for 1.000000 seconds and try again... (tryings = 0, bot id = 7996093751)
2025-07-05 13:39:22,417 - bot.logs.logging_config - INFO - Бот остановлен
2025-07-05 13:39:22,417 - apscheduler.scheduler - INFO - Scheduler has been shut down
2025-07-05 13:39:22,419 - aiogram.dispatcher - INFO - Polling stopped for bot @SinnAlertBot id=7996093751 - 'Напоминания'
2025-07-05 13:44:32,395 - bot.logs.logging_config - INFO - Бот запущен!
2025-07-05 13:44:32,395 - apscheduler.scheduler - INFO - Scheduler started
2025-07-05 13:44:32,395 - aiogram.dispatcher - INFO - Start polling
2025-07-05 13:44:32,617 - aiogram.dispatcher - INFO - Run polling for bot @SinnAlertBot id=7996093751 - 'Напоминания'
2025-07-05 13:44:45,383 - bot.logs.logging_config - INFO - Пользователь 1073334471 запустил бота
2025-07-05 13:44:45,634 - aiogram.event - INFO - Update id=521292548 is handled. Duration 250 ms by bot id=7996093751
2025-07-05 13:44:49,562 - bot.logs.logging_config - INFO - Пользователь 1073334471 запросил помощь
2025-07-05 13:44:49,662 - aiogram.event - INFO - Update id=521292549 is handled. Duration 94 ms by bot id=7996093751
2025-07-05 13:44:53,933 - bot.logs.logging_config - INFO - Пользователь 1073334471 написал: /listreminders
2025-07-05 13:44:54,090 - aiogram.event - INFO - Update id=521292550 is handled. Duration 155 ms by bot id=7996093751
2025-07-05 13:45:00,055 - aiogram.event - INFO - Update id=521292551 is handled. Duration 171 ms by bot id=7996093751
2025-07-05 13:45:04,128 - bot.logs.logging_config - INFO - Пользователь 1073334471 написал: /listreminders
2025-07-05 13:45:04,296 - aiogram.event - INFO - Update id=521292552 is handled. Duration 171 ms by bot id=7996093751
2025-07-05 13:45:18,388 - aiogram.event - INFO - Update id=521292553 is handled. Duration 125 ms by bot id=7996093751
2025-07-05 13:45:41,043 - apscheduler.scheduler - INFO - Added job "send_scheduled_message" to job store "default"
2025-07-05 13:45:41,154 - aiogram.event - INFO - Update id=521292554 is handled. Duration 125 ms by bot id=7996093751
2025-07-05 13:45:43,886 - bot.logs.logging_config - INFO - Пользователь 1073334471 написал: /listreminders
2025-07-05 13:45:44,065 - aiogram.event - INFO - Update id=521292555 is handled. Duration 186 ms by bot id=7996093751
2025-07-05 13:46:09,597 - aiogram.event - INFO - Update id=521292556 is handled. Duration 140 ms by bot id=7996093751
2025-07-05 13:46:26,054 - aiogram.event - INFO - Update id=521292557 is handled. Duration 125 ms by bot id=7996093751
2025-07-05 13:46:28,070 - aiogram.event - INFO - Update id=521292558 is handled. Duration 140 ms by bot id=7996093751
2025-07-05 13:46:37,214 - apscheduler.scheduler - INFO - Removed job b325fcadaf344209a696fbbd12f0de17
2025-07-05 13:46:37,325 - aiogram.event - INFO - Update id=521292559 is handled. Duration 109 ms by bot id=7996093751
2025-07-05 13:46:40,089 - aiogram.event - INFO - Update id=521292560 is handled. Duration 155 ms by bot id=7996093751
2025-07-05 13:47:22,037 - bot.logs.logging_config - INFO - Пользователь 1073334471 написал: Виаиаи
2025-07-05 13:47:22,182 - aiogram.event - INFO - Update id=521292561 is handled. Duration 140 ms by bot id=7996093751
2025-07-05 13:51:39,795 - aiogram.dispatcher - INFO - Polling stopped
2025-07-05 13:51:39,795 - aiogram.dispatcher - ERROR - Failed to fetch updates - TelegramNetworkError: HTTP Client says - ServerDisconnectedError: Server disconnected
2025-07-05 13:51:39,795 - aiogram.dispatcher - WARNING - Sleep for 1.000000 seconds and try again... (tryings = 0, bot id = 7996093751)
2025-07-05 13:51:40,060 - bot.logs.logging_config - INFO - Бот остановлен
2025-07-05 13:51:40,060 - apscheduler.scheduler - INFO - Scheduler has been shut down
2025-07-05 13:51:40,060 - aiogram.dispatcher - INFO - Polling stopped for bot @SinnAlertBot id=7996093751 - 'Напоминания'
2025-07-05 13:51:47,477 - bot.logs.logging_config - INFO - Бот запущен!
2025-07-05 13:51:47,480 - apscheduler.scheduler - INFO - Scheduler started
2025-07-05 13:51:47,481 - aiogram.dispatcher - INFO - Start polling
2025-07-05 13:51:47,700 - aiogram.dispatcher - INFO - Run polling for bot @SinnAlertBot id=7996093751 - 'Напоминания'
2025-07-05 13:51:52,097 - bot.logs.logging_config - INFO - Пользователь 1073334471 написал: /listreminders
2025-07-05 13:51:55,497 - aiogram.event - INFO - Update id=521292562 is handled. Duration 3390 ms by bot id=7996093751
2025-07-05 13:51:57,851 - aiogram.event - INFO - Update id=521292563 is handled. Duration 92 ms by bot id=7996093751
2025-07-05 13:52:02,913 - bot.logs.logging_config - INFO - Пользователь 1073334471 написал: Аьпььп
2025-07-05 13:52:06,079 - aiogram.event - INFO - Update id=521292564 is handled. Duration 3171 ms by bot id=7996093751
2025-07-05 13:52:38,886 - aiogram.dispatcher - INFO - Polling stopped
2025-07-05 13:52:38,887 - aiogram.dispatcher - ERROR - Failed to fetch updates - TelegramNetworkError: HTTP Client says - ServerDisconnectedError: Server disconnected
2025-07-05 13:52:38,888 - aiogram.dispatcher - WARNING - Sleep for 1.000000 seconds and try again... (tryings = 0, bot id = 7996093751)
2025-07-05 13:52:39,152 - bot.logs.logging_config - INFO - Бот остановлен
2025-07-05 13:52:39,152 - apscheduler.scheduler - INFO - Scheduler has been shut down
2025-07-05 13:52:39,152 - aiogram.dispatcher - INFO - Polling stopped for bot @SinnAlertBot id=7996093751 - 'Напоминания'
2025-07-05 13:52:43,398 - bot.logs.logging_config - INFO - Бот запущен!
2025-07-05 13:52:43,398 - apscheduler.scheduler - INFO - Scheduler started
2025-07-05 13:52:43,398 - aiogram.dispatcher - INFO - Start polling
2025-07-05 13:52:43,624 - aiogram.dispatcher - INFO - Run polling for bot @SinnAlertBot id=7996093751 - 'Напоминания'
2025-07-05 13:52:46,381 - bot.logs.logging_config - INFO - Пользователь 1073334471 написал: Мбпьпб
2025-07-05 13:52:49,695 - aiogram.event - INFO - Update id=521292565 is handled. Duration 3311 ms by bot id=7996093751
2025-07-05 13:53:00,566 - bot.logs.logging_config - INFO - Пользователь 1073334471 написал: П
2025-07-05 13:53:03,759 - aiogram.event - INFO - Update id=521292566 is handled. Duration 3188 ms by bot id=7996093751
2025-07-05 13:53:28,945 - bot.logs.logging_config - INFO - Пользователь 1073334471 написал: Аьпьп
2025-07-05 13:53:32,143 - aiogram.event - INFO - Update id=521292567 is handled. Duration 3202 ms by bot id=7996093751
2025-07-05 13:53:37,424 - aiogram.dispatcher - INFO - Polling stopped
2025-07-05 13:53:37,424 - aiogram.dispatcher - ERROR - Failed to fetch updates - TelegramNetworkError: HTTP Client says - ServerDisconnectedError: Server disconnected
2025-07-05 13:53:37,424 - aiogram.dispatcher - WARNING - Sleep for 1.000000 seconds and try again... (tryings = 0, bot id = 7996093751)
2025-07-05 13:53:37,678 - bot.logs.logging_config - INFO - Бот остановлен
2025-07-05 13:53:37,678 - apscheduler.scheduler - INFO - Scheduler has been shut down
2025-07-05 13:53:37,681 - aiogram.dispatcher - INFO - Polling stopped for bot @SinnAlertBot id=7996093751 - 'Напоминания'
2025-07-05 13:53:43,084 - bot.logs.logging_config - INFO - Бот запущен!
2025-07-05 13:53:43,084 - apscheduler.scheduler - INFO - Scheduler started
2025-07-05 13:53:43,084 - aiogram.dispatcher - INFO - Start polling
2025-07-05 13:53:43,309 - aiogram.dispatcher - INFO - Run polling for bot @SinnAlertBot id=7996093751 - 'Напоминания'
2025-07-05 13:53:44,977 - bot.logs.logging_config - INFO - Пользователь 1073334471 написал: Аьпьпьпь
2025-07-05 13:53:48,314 - aiogram.event - INFO - Update id=521292568 is handled. Duration 3344 ms by bot id=7996093751
2025-07-05 13:55:26,122 - aiogram.dispatcher - INFO - Polling stopped
2025-07-05 13:55:26,122 - aiogram.dispatcher - ERROR - Failed to fetch updates - TelegramNetworkError: HTTP Client says - ServerDisconnectedError: Server disconnected
2025-07-05 13:55:26,130 - aiogram.dispatcher - WARNING - Sleep for 1.000000 seconds and try again... (tryings = 0, bot id = 7996093751)
2025-07-05 13:55:26,389 - bot.logs.logging_config - INFO - Бот остановлен
2025-07-05 13:55:26,389 - apscheduler.scheduler - INFO - Scheduler has been shut down
2025-07-05 13:55:26,389 - aiogram.dispatcher - INFO - Polling stopped for bot @SinnAlertBot id=7996093751 - 'Напоминания'
2025-07-05 13:55:31,140 - bot.logs.logging_config - INFO - Бот запущен!
2025-07-05 13:55:31,140 - apscheduler.scheduler - INFO - Scheduler started
2025-07-05 13:55:31,140 - aiogram.dispatcher - INFO - Start polling
2025-07-05 13:55:31,373 - aiogram.dispatcher - INFO - Run polling for bot @SinnAlertBot id=7996093751 - 'Напоминания'
2025-07-05 13:55:34,979 - bot.logs.logging_config - INFO - Пользователь 1073334471 написал: Иии
2025-07-05 13:55:34,979 - bot.logs.logging_config - ERROR - Не удалось удалить сообщение: Bot.send_message() got an unexpected keyword argument 'show_alert'
2025-07-05 13:55:34,979 - aiogram.event - INFO - Update id=521292569 is handled. Duration 0 ms by bot id=7996093751
2025-07-05 13:56:39,466 - aiogram.dispatcher - INFO - Polling stopped
2025-07-05 13:56:39,467 - aiogram.dispatcher - ERROR - Failed to fetch updates - TelegramNetworkError: HTTP Client says - ServerDisconnectedError: Server disconnected
2025-07-05 13:56:39,467 - aiogram.dispatcher - WARNING - Sleep for 1.000000 seconds and try again... (tryings = 0, bot id = 7996093751)
2025-07-05 13:56:39,725 - bot.logs.logging_config - INFO - Бот остановлен
2025-07-05 13:56:39,726 - apscheduler.scheduler - INFO - Scheduler has been shut down
2025-07-05 13:56:39,727 - aiogram.dispatcher - INFO - Polling stopped for bot @SinnAlertBot id=7996093751 - 'Напоминания'
2025-07-05 13:56:44,169 - bot.logs.logging_config - INFO - Бот запущен!
2025-07-05 13:56:44,173 - apscheduler.scheduler - INFO - Scheduler started
2025-07-05 13:56:44,173 - aiogram.dispatcher - INFO - Start polling
2025-07-05 13:56:44,400 - aiogram.dispatcher - INFO - Run polling for bot @SinnAlertBot id=7996093751 - 'Напоминания'
2025-07-05 13:56:46,081 - bot.logs.logging_config - INFO - Пользователь 1073334471 написал: Пьпьпь
2025-07-05 13:56:46,093 - bot.logs.logging_config - ERROR - Не удалось удалить сообщение: 1 validation error for SendMessage
text
  Input should be a valid string [type=string_type, input_value=1073334471, input_type=int]
    For further information visit https://errors.pydantic.dev/2.11/v/string_type
2025-07-05 13:56:46,096 - aiogram.event - INFO - Update id=521292570 is handled. Duration 15 ms by bot id=7996093751
2025-07-05 13:59:27,930 - aiogram.dispatcher - INFO - Polling stopped
2025-07-05 13:59:27,938 - aiogram.dispatcher - ERROR - Failed to fetch updates - TelegramNetworkError: HTTP Client says - ServerDisconnectedError: Server disconnected
2025-07-05 13:59:27,938 - aiogram.dispatcher - WARNING - Sleep for 1.000000 seconds and try again... (tryings = 0, bot id = 7996093751)
2025-07-05 13:59:28,196 - bot.logs.logging_config - INFO - Бот остановлен
2025-07-05 13:59:28,196 - apscheduler.scheduler - INFO - Scheduler has been shut down
2025-07-05 13:59:28,196 - aiogram.dispatcher - INFO - Polling stopped for bot @SinnAlertBot id=7996093751 - 'Напоминания'
2025-07-05 13:59:33,411 - bot.logs.logging_config - INFO - Бот запущен!
2025-07-05 13:59:33,413 - apscheduler.scheduler - INFO - Scheduler started
2025-07-05 13:59:33,413 - aiogram.dispatcher - INFO - Start polling
2025-07-05 13:59:33,629 - aiogram.dispatcher - INFO - Run polling for bot @SinnAlertBot id=7996093751 - 'Напоминания'
2025-07-05 13:59:34,930 - bot.logs.logging_config - INFO - Пользователь 1073334471 написал: П п пб
2025-07-05 13:59:35,254 - aiogram.event - INFO - Update id=521292571 is handled. Duration 328 ms by bot id=7996093751
2025-07-05 13:59:46,761 - aiogram.dispatcher - INFO - Polling stopped
2025-07-05 13:59:46,767 - aiogram.dispatcher - ERROR - Failed to fetch updates - TelegramNetworkError: HTTP Client says - ServerDisconnectedError: Server disconnected
2025-07-05 13:59:46,767 - aiogram.dispatcher - WARNING - Sleep for 1.000000 seconds and try again... (tryings = 0, bot id = 7996093751)
2025-07-05 13:59:47,025 - bot.logs.logging_config - INFO - Бот остановлен
2025-07-05 13:59:47,025 - apscheduler.scheduler - INFO - Scheduler has been shut down
2025-07-05 13:59:47,025 - aiogram.dispatcher - INFO - Polling stopped for bot @SinnAlertBot id=7996093751 - 'Напоминания'
2025-07-05 13:59:51,363 - bot.logs.logging_config - INFO - Бот запущен!
2025-07-05 13:59:51,363 - apscheduler.scheduler - INFO - Scheduler started
2025-07-05 13:59:51,363 - aiogram.dispatcher - INFO - Start polling
2025-07-05 13:59:51,585 - aiogram.dispatcher - INFO - Run polling for bot @SinnAlertBot id=7996093751 - 'Напоминания'
2025-07-05 13:59:53,085 - bot.logs.logging_config - INFO - Пользователь 1073334471 написал: Пьпьпь
2025-07-05 13:59:53,450 - aiogram.event - INFO - Update id=521292572 is handled. Duration 359 ms by bot id=7996093751
2025-07-05 14:03:13,241 - aiogram.dispatcher - INFO - Polling stopped
2025-07-05 14:03:13,246 - aiogram.dispatcher - ERROR - Failed to fetch updates - TelegramNetworkError: HTTP Client says - ServerDisconnectedError: Server disconnected
2025-07-05 14:03:13,246 - aiogram.dispatcher - WARNING - Sleep for 1.000000 seconds and try again... (tryings = 0, bot id = 7996093751)
2025-07-05 14:03:13,507 - bot.logs.logging_config - INFO - Бот остановлен
2025-07-05 14:03:13,507 - apscheduler.scheduler - INFO - Scheduler has been shut down
2025-07-05 14:03:13,507 - aiogram.dispatcher - INFO - Polling stopped for bot @SinnAlertBot id=7996093751 - 'Напоминания'
2025-07-05 14:03:21,208 - bot.logs.logging_config - INFO - Бот запущен!
2025-07-05 14:03:21,208 - apscheduler.scheduler - INFO - Scheduler started
2025-07-05 14:03:21,208 - aiogram.dispatcher - INFO - Start polling
2025-07-05 14:03:21,440 - aiogram.dispatcher - INFO - Run polling for bot @SinnAlertBot id=7996093751 - 'Напоминания'
2025-07-05 14:03:24,633 - bot.logs.logging_config - INFO - Пользователь 1073334471 написал: Пьпьпь
2025-07-05 14:03:25,192 - aiogram.event - INFO - Update id=521292573 is handled. Duration 561 ms by bot id=7996093751
2025-07-05 14:04:19,137 - aiogram.dispatcher - INFO - Polling stopped
2025-07-05 14:04:19,139 - aiogram.dispatcher - ERROR - Failed to fetch updates - TelegramNetworkError: HTTP Client says - ServerDisconnectedError: Server disconnected
2025-07-05 14:04:19,140 - aiogram.dispatcher - WARNING - Sleep for 1.000000 seconds and try again... (tryings = 0, bot id = 7996093751)
2025-07-05 14:04:19,397 - bot.logs.logging_config - INFO - Бот остановлен
2025-07-05 14:04:19,397 - apscheduler.scheduler - INFO - Scheduler has been shut down
2025-07-05 14:04:19,397 - aiogram.dispatcher - INFO - Polling stopped for bot @SinnAlertBot id=7996093751 - 'Напоминания'
2025-07-05 14:04:25,827 - bot.logs.logging_config - INFO - Бот запущен!
2025-07-05 14:04:25,828 - apscheduler.scheduler - INFO - Scheduler started
2025-07-05 14:04:25,828 - aiogram.dispatcher - INFO - Start polling
2025-07-05 14:04:26,058 - aiogram.dispatcher - INFO - Run polling for bot @SinnAlertBot id=7996093751 - 'Напоминания'
2025-07-05 14:04:28,334 - bot.logs.logging_config - INFO - Пользователь 1073334471 написал: Аьпьпьпь
2025-07-05 14:04:28,653 - aiogram.event - INFO - Update id=521292574 is handled. Duration 311 ms by bot id=7996093751
2025-07-05 14:07:12,558 - aiogram.dispatcher - INFO - Polling stopped
2025-07-05 14:07:12,558 - aiogram.dispatcher - ERROR - Failed to fetch updates - TelegramNetworkError: HTTP Client says - ServerDisconnectedError: Server disconnected
2025-07-05 14:07:12,558 - aiogram.dispatcher - WARNING - Sleep for 1.000000 seconds and try again... (tryings = 0, bot id = 7996093751)
2025-07-05 14:07:12,823 - bot.logs.logging_config - INFO - Бот остановлен
2025-07-05 14:07:12,823 - apscheduler.scheduler - INFO - Scheduler has been shut down
2025-07-05 14:07:12,823 - aiogram.dispatcher - INFO - Polling stopped for bot @SinnAlertBot id=7996093751 - 'Напоминания'
2025-07-05 14:07:17,527 - bot.logs.logging_config - INFO - Бот запущен!
2025-07-05 14:07:17,527 - apscheduler.scheduler - INFO - Scheduler started
2025-07-05 14:07:17,528 - aiogram.dispatcher - INFO - Start polling
2025-07-05 14:07:17,763 - aiogram.dispatcher - INFO - Run polling for bot @SinnAlertBot id=7996093751 - 'Напоминания'
2025-07-05 14:07:19,882 - bot.logs.logging_config - INFO - Пользователь 1073334471 написал: Пьпьпьпь
2025-07-05 14:07:23,299 - aiogram.event - INFO - Update id=521292575 is handled. Duration 3421 ms by bot id=7996093751
2025-07-05 14:08:28,509 - aiogram.dispatcher - INFO - Polling stopped
2025-07-05 14:08:28,509 - aiogram.dispatcher - ERROR - Failed to fetch updates - TelegramNetworkError: HTTP Client says - ServerDisconnectedError: Server disconnected
2025-07-05 14:08:28,509 - aiogram.dispatcher - WARNING - Sleep for 1.000000 seconds and try again... (tryings = 0, bot id = 7996093751)
2025-07-05 14:08:28,761 - bot.logs.logging_config - INFO - Бот остановлен
2025-07-05 14:08:28,761 - apscheduler.scheduler - INFO - Scheduler has been shut down
2025-07-05 14:08:28,761 - aiogram.dispatcher - INFO - Polling stopped for bot @SinnAlertBot id=7996093751 - 'Напоминания'
2025-07-05 14:16:50,615 - bot.logs.logging_config - INFO - Бот запущен!
2025-07-05 14:16:50,615 - apscheduler.scheduler - INFO - Scheduler started
2025-07-05 14:16:50,623 - aiogram.dispatcher - INFO - Start polling
2025-07-05 14:16:50,867 - aiogram.dispatcher - INFO - Run polling for bot @SinnAlertBot id=7996093751 - 'Напоминания'
2025-07-05 14:16:51,209 - aiogram.event - INFO - Update id=521292576 is handled. Duration 250 ms by bot id=7996093751
2025-07-05 14:17:08,829 - apscheduler.scheduler - INFO - Added job "send_scheduled_message" to job store "default"
2025-07-05 14:17:08,954 - aiogram.event - INFO - Update id=521292577 is handled. Duration 140 ms by bot id=7996093751
2025-07-05 14:17:21,144 - aiogram.event - INFO - Update id=521292578 is handled. Duration 171 ms by bot id=7996093751
2025-07-05 14:17:24,320 - aiogram.event - INFO - Update id=521292579 is handled. Duration 109 ms by bot id=7996093751
2025-07-05 14:17:45,207 - apscheduler.scheduler - INFO - Added job "send_scheduled_message" to job store "default"
2025-07-05 14:17:45,305 - aiogram.event - INFO - Update id=521292580 is handled. Duration 94 ms by bot id=7996093751
2025-07-05 14:17:47,445 - aiogram.event - INFO - Update id=521292581 is handled. Duration 94 ms by bot id=7996093751
2025-07-05 14:17:59,929 - aiogram.event - INFO - Update id=521292582 is handled. Duration 157 ms by bot id=7996093751
2025-07-05 14:18:01,674 - bot.logs.logging_config - INFO - Пользователь 1073334471 написал: /delte
2025-07-05 14:18:05,117 - aiogram.event - INFO - Update id=521292583 is handled. Duration 3436 ms by bot id=7996093751
2025-07-05 14:18:27,337 - aiogram.event - INFO - Update id=521292584 is handled. Duration 109 ms by bot id=7996093751
2025-07-05 14:18:36,264 - apscheduler.scheduler - INFO - Removed job 885c123914b64ffc972b6b6b3d8c4ed2
2025-07-05 14:18:36,457 - aiogram.event - INFO - Update id=521292585 is handled. Duration 202 ms by bot id=7996093751
2025-07-05 14:18:40,643 - aiogram.event - INFO - Update id=521292586 is handled. Duration 202 ms by bot id=7996093751
2025-07-05 14:24:13,316 - aiogram.dispatcher - INFO - Polling stopped
2025-07-05 14:24:13,316 - aiogram.dispatcher - ERROR - Failed to fetch updates - TelegramNetworkError: HTTP Client says - ServerDisconnectedError: Server disconnected
2025-07-05 14:24:13,316 - aiogram.dispatcher - WARNING - Sleep for 1.000000 seconds and try again... (tryings = 0, bot id = 7996093751)
2025-07-05 14:24:13,571 - bot.logs.logging_config - INFO - Бот остановлен
2025-07-05 14:24:13,573 - apscheduler.scheduler - INFO - Scheduler has been shut down
2025-07-05 14:24:13,573 - aiogram.dispatcher - INFO - Polling stopped for bot @SinnAlertBot id=7996093751 - 'Напоминания'
